[2026-02-07 18:40:02] === Iniciando auto-sync ===
[2026-02-07 18:40:02] Encontrados 2 archivo(s) cambiado(s):
[2026-02-07 18:40:02]   M ogs/sync.log
[2026-02-07 18:40:02]   ?? logs/cron.log
[2026-02-07 18:40:02] Mensaje de commit: Auto-sync 2026-02-07 18:40:02 | Cambios varios
[2026-02-07 18:40:02] Agregando cambios...
[2026-02-07 18:40:02] Haciendo commit...
[2026-02-07 18:40:02] Commit realizado: [main 8b86e5e] Auto-sync 2026-02-07 18:40:02 | Cambios varios
 2 files changed, 14 insertions(+)
 create mode 100644 logs/cron.log
[2026-02-07 18:40:02] Haciendo push a GitHub...
[2026-02-07 18:40:02] Push exitoso: 
[2026-02-07 18:40:02] === Auto-sync completado ===
[2026-02-07 18:45:01] === Iniciando auto-sync ===
[2026-02-07 18:45:01] Encontrados 2 archivo(s) cambiado(s):
[2026-02-07 18:45:01]   M ogs/cron.log
[2026-02-07 18:45:01]   M logs/sync.log
[2026-02-07 18:45:01] Mensaje de commit: Auto-sync 2026-02-07 18:45:01 | Cambios varios
[2026-02-07 18:45:01] Agregando cambios...
[2026-02-07 18:45:01] Haciendo commit...
[2026-02-07 18:45:01] Commit realizado: [main dfe5d86] Auto-sync 2026-02-07 18:45:01 | Cambios varios
 2 files changed, 26 insertions(+)
[2026-02-07 18:45:01] Haciendo push a GitHub...
[2026-02-07 18:45:01] Push exitoso: 
[2026-02-07 18:45:01] === Auto-sync completado ===
[2026-02-07 18:50:01] === Iniciando auto-sync ===
[2026-02-07 18:50:01] Encontrados 1 archivo(s) cambiado(s):
[2026-02-07 18:50:01]   M ogs/sync.log
[2026-02-07 18:50:01] Mensaje de commit: Auto-sync 2026-02-07 18:50:01 | Cambios varios
[2026-02-07 18:50:01] Agregando cambios...
[2026-02-07 18:50:01] Haciendo commit...
[2026-02-07 18:50:01] Commit realizado: [main 4fba9b8] Auto-sync 2026-02-07 18:50:01 | Cambios varios
 1 file changed, 11 insertions(+)
[2026-02-07 18:50:01] Haciendo push a GitHub...
[2026-02-07 18:50:03] Push exitoso: 
[2026-02-07 18:50:03] === Auto-sync completado ===
[2026-02-07 18:55:01] === Iniciando auto-sync ===
[2026-02-07 18:55:01] Encontrados 1 archivo(s) cambiado(s):
[2026-02-07 18:55:01]   M ogs/sync.log
[2026-02-07 18:55:01] Mensaje de commit: Auto-sync 2026-02-07 18:55:01 | Cambios varios
[2026-02-07 18:55:01] Agregando cambios...
[2026-02-07 18:55:01] Haciendo commit...
[2026-02-07 18:55:01] Commit realizado: [main 74bd919] Auto-sync 2026-02-07 18:55:01 | Cambios varios
 1 file changed, 11 insertions(+)
[2026-02-07 18:55:01] Haciendo push a GitHub...
[2026-02-07 18:55:02] Push exitoso: 
[2026-02-07 18:55:02] === Auto-sync completado ===
