[2026-02-07 18:38:01] === Iniciando auto-sync ===
[2026-02-07 18:38:01] Encontrados 3 archivo(s) cambiado(s):
[2026-02-07 18:38:01]   M ata/prices.json
[2026-02-07 18:38:01]   ?? logs/
[2026-02-07 18:38:01]   ?? scripts/
[2026-02-07 18:38:01] Mensaje de commit: Auto-sync 2026-02-07 18:38:01 | Precios actualizados
[2026-02-07 18:38:01] Agregando cambios...
[2026-02-07 18:38:01] Haciendo commit...
[2026-02-07 18:38:01] Commit realizado: [main 1bfedd0] Auto-sync 2026-02-07 18:38:01 | Precios actualizados
 3 files changed, 213 insertions(+), 1 deletion(-)
 create mode 100644 logs/sync.log
 create mode 100755 scripts/auto_sync.py
[2026-02-07 18:38:01] Haciendo push a GitHub...
[2026-02-07 18:38:02] Push exitoso: 
[2026-02-07 18:38:02] === Auto-sync completado ===
[2026-02-07 18:38:07] Cron job configurado para ejecución cada 5 minutos.
[2026-02-07 18:39:19] === Iniciando auto-sync ===
[2026-02-07 18:39:19] Encontrados 4 archivo(s) cambiado(s):
[2026-02-07 18:39:19]   M ata/portfolio.json
[2026-02-07 18:39:19]   A docs/AUTO_SYNC.md
[2026-02-07 18:39:19]   M logs/sync.log
[2026-02-07 18:39:19]   A scripts/sync_now.sh
[2026-02-07 18:39:19] Mensaje de commit: Auto-sync 2026-02-07 18:39:19 | Portfolio modificado | Documentación actualizada
[2026-02-07 18:39:19] Agregando cambios...
